{"D:\\Users\\DOMINIC\\Desktop\\UPC VII\\Diseño de Experimentos\\express-backend\\projection-backend\\api\\controllers\\TaskControllerStatic.js": {"path":"D:\\Users\\DOMINIC\\Desktop\\UPC VII\\Diseño de Experimentos\\express-backend\\projection-backend\\api\\controllers\\TaskControllerStatic.js","statementMap":{"0":{"start":{"line":1,"column":13},"end":{"line":50,"column":1}},"1":{"start":{"line":4,"column":21},"end":{"line":4,"column":42}},"2":{"start":{"line":5,"column":19},"end":{"line":5,"column":30}},"3":{"start":{"line":6,"column":8},"end":{"line":6,"column":35}},"4":{"start":{"line":7,"column":8},"end":{"line":7,"column":55}},"5":{"start":{"line":8,"column":8},"end":{"line":8,"column":34}},"6":{"start":{"line":9,"column":8},"end":{"line":9,"column":22}},"7":{"start":{"line":10,"column":8},"end":{"line":10,"column":34}},"8":{"start":{"line":11,"column":8},"end":{"line":11,"column":31}},"9":{"start":{"line":15,"column":21},"end":{"line":15,"column":32}},"10":{"start":{"line":17,"column":8},"end":{"line":17,"column":61}},"11":{"start":{"line":17,"column":32},"end":{"line":17,"column":59}},"12":{"start":{"line":22,"column":21},"end":{"line":22,"column":38}},"13":{"start":{"line":23,"column":8},"end":{"line":23,"column":55}},"14":{"start":{"line":23,"column":31},"end":{"line":23,"column":53}},"15":{"start":{"line":27,"column":8},"end":{"line":27,"column":23}},"16":{"start":{"line":32,"column":19},"end":{"line":32,"column":69}},"17":{"start":{"line":32,"column":35},"end":{"line":32,"column":68}},"18":{"start":{"line":33,"column":8},"end":{"line":33,"column":49}},"19":{"start":{"line":34,"column":8},"end":{"line":34,"column":71}},"20":{"start":{"line":35,"column":8},"end":{"line":35,"column":43}},"21":{"start":{"line":36,"column":8},"end":{"line":36,"column":47}},"22":{"start":{"line":37,"column":8},"end":{"line":37,"column":53}},"23":{"start":{"line":38,"column":8},"end":{"line":38,"column":55}},"24":{"start":{"line":39,"column":8},"end":{"line":39,"column":53}},"25":{"start":{"line":40,"column":8},"end":{"line":40,"column":43}},"26":{"start":{"line":41,"column":8},"end":{"line":41,"column":36}},"27":{"start":{"line":42,"column":8},"end":{"line":42,"column":20}},"28":{"start":{"line":47,"column":8},"end":{"line":47,"column":35}},"29":{"start":{"line":48,"column":8},"end":{"line":48,"column":34}},"30":{"start":{"line":52,"column":0},"end":{"line":52,"column":20}}},"fnMap":{"0":{"name":"(anonymous_0)","decl":{"start":{"line":3,"column":10},"end":{"line":3,"column":11}},"loc":{"start":{"line":3,"column":44},"end":{"line":12,"column":5}},"line":3},"1":{"name":"(anonymous_1)","decl":{"start":{"line":14,"column":22},"end":{"line":14,"column":23}},"loc":{"start":{"line":14,"column":51},"end":{"line":19,"column":5}},"line":14},"2":{"name":"(anonymous_2)","decl":{"start":{"line":17,"column":25},"end":{"line":17,"column":26}},"loc":{"start":{"line":17,"column":32},"end":{"line":17,"column":59}},"line":17},"3":{"name":"(anonymous_3)","decl":{"start":{"line":21,"column":13},"end":{"line":21,"column":14}},"loc":{"start":{"line":21,"column":37},"end":{"line":24,"column":5}},"line":21},"4":{"name":"(anonymous_4)","decl":{"start":{"line":23,"column":23},"end":{"line":23,"column":24}},"loc":{"start":{"line":23,"column":31},"end":{"line":23,"column":53}},"line":23},"5":{"name":"(anonymous_5)","decl":{"start":{"line":26,"column":14},"end":{"line":26,"column":15}},"loc":{"start":{"line":26,"column":45},"end":{"line":28,"column":5}},"line":26},"6":{"name":"(anonymous_6)","decl":{"start":{"line":30,"column":16},"end":{"line":30,"column":17}},"loc":{"start":{"line":30,"column":40},"end":{"line":44,"column":5}},"line":30},"7":{"name":"(anonymous_7)","decl":{"start":{"line":32,"column":27},"end":{"line":32,"column":28}},"loc":{"start":{"line":32,"column":35},"end":{"line":32,"column":68}},"line":32},"8":{"name":"(anonymous_8)","decl":{"start":{"line":46,"column":16},"end":{"line":46,"column":17}},"loc":{"start":{"line":46,"column":55},"end":{"line":49,"column":5}},"line":46}},"branchMap":{},"s":{"0":1,"1":1,"2":1,"3":1,"4":1,"5":1,"6":1,"7":1,"8":1,"9":1,"10":1,"11":3,"12":1,"13":1,"14":1,"15":1,"16":1,"17":1,"18":1,"19":1,"20":1,"21":1,"22":1,"23":1,"24":1,"25":1,"26":1,"27":1,"28":1,"29":1,"30":1},"f":{"0":1,"1":1,"2":3,"3":1,"4":1,"5":1,"6":1,"7":1,"8":1},"b":{},"_coverageSchema":"43e27e138ebf9cfc5966b082cf9a028302ed4184","hash":"5c863b81d203f0113369679c3621d1beaec57d73"}
,"D:\\Users\\DOMINIC\\Desktop\\UPC VII\\Diseño de Experimentos\\express-backend\\projection-backend\\api\\controllers\\UserControllerStatic.js": {"path":"D:\\Users\\DOMINIC\\Desktop\\UPC VII\\Diseño de Experimentos\\express-backend\\projection-backend\\api\\controllers\\UserControllerStatic.js","statementMap":{"0":{"start":{"line":1,"column":13},"end":{"line":16,"column":1}},"1":{"start":{"line":3,"column":8},"end":{"line":3,"column":23}},"2":{"start":{"line":6,"column":8},"end":{"line":6,"column":74}},"3":{"start":{"line":6,"column":34},"end":{"line":6,"column":72}},"4":{"start":{"line":9,"column":8},"end":{"line":9,"column":34}},"5":{"start":{"line":10,"column":8},"end":{"line":10,"column":28}},"6":{"start":{"line":13,"column":8},"end":{"line":13,"column":35}},"7":{"start":{"line":14,"column":8},"end":{"line":14,"column":34}},"8":{"start":{"line":18,"column":0},"end":{"line":18,"column":21}}},"fnMap":{"0":{"name":"(anonymous_0)","decl":{"start":{"line":2,"column":9},"end":{"line":2,"column":10}},"loc":{"start":{"line":2,"column":38},"end":{"line":4,"column":5}},"line":2},"1":{"name":"(anonymous_1)","decl":{"start":{"line":5,"column":9},"end":{"line":5,"column":10}},"loc":{"start":{"line":5,"column":42},"end":{"line":7,"column":5}},"line":5},"2":{"name":"(anonymous_2)","decl":{"start":{"line":6,"column":23},"end":{"line":6,"column":24}},"loc":{"start":{"line":6,"column":34},"end":{"line":6,"column":72}},"line":6},"3":{"name":"(anonymous_3)","decl":{"start":{"line":8,"column":10},"end":{"line":8,"column":11}},"loc":{"start":{"line":8,"column":39},"end":{"line":11,"column":5}},"line":8},"4":{"name":"(anonymous_4)","decl":{"start":{"line":12,"column":12},"end":{"line":12,"column":13}},"loc":{"start":{"line":12,"column":51},"end":{"line":15,"column":5}},"line":12}},"branchMap":{},"s":{"0":1,"1":1,"2":1,"3":1,"4":1,"5":1,"6":1,"7":1,"8":1},"f":{"0":1,"1":1,"2":1,"3":1,"4":1},"b":{},"_coverageSchema":"43e27e138ebf9cfc5966b082cf9a028302ed4184","hash":"148420d68a9619e0b084b2b5e919f0362d351db6"}
,"D:\\Users\\DOMINIC\\Desktop\\UPC VII\\Diseño de Experimentos\\express-backend\\projection-backend\\api\\test\\proyectionDbMock.js": {"path":"D:\\Users\\DOMINIC\\Desktop\\UPC VII\\Diseño de Experimentos\\express-backend\\projection-backend\\api\\test\\proyectionDbMock.js","statementMap":{"0":{"start":{"line":1,"column":19},"end":{"line":47,"column":1}},"1":{"start":{"line":49,"column":19},"end":{"line":110,"column":1}},"2":{"start":{"line":112,"column":0},"end":{"line":115,"column":1}}},"fnMap":{},"branchMap":{},"s":{"0":2,"1":2,"2":2},"f":{},"b":{},"_coverageSchema":"43e27e138ebf9cfc5966b082cf9a028302ed4184","hash":"3a25cea0f62ae380d6f366c92733ef8d501763e5"}
}
