TN:
SF:D:\Users\DOMINIC\Desktop\UPC VII\Diseño de Experimentos\express-backend\projection-backend\api\controllers\TaskControllerStatic.js
FN:3,(anonymous_0)
FN:14,(anonymous_1)
FN:17,(anonymous_2)
FN:21,(anonymous_3)
FN:23,(anonymous_4)
FN:26,(anonymous_5)
FN:30,(anonymous_6)
FN:32,(anonymous_7)
FN:46,(anonymous_8)
FNF:9
FNH:9
FNDA:1,(anonymous_0)
FNDA:1,(anonymous_1)
FNDA:3,(anonymous_2)
FNDA:1,(anonymous_3)
FNDA:1,(anonymous_4)
FNDA:1,(anonymous_5)
FNDA:1,(anonymous_6)
FNDA:1,(anonymous_7)
FNDA:1,(anonymous_8)
DA:1,1
DA:4,1
DA:5,1
DA:6,1
DA:7,1
DA:8,1
DA:9,1
DA:10,1
DA:11,1
DA:15,1
DA:17,3
DA:22,1
DA:23,1
DA:27,1
DA:32,1
DA:33,1
DA:34,1
DA:35,1
DA:36,1
DA:37,1
DA:38,1
DA:39,1
DA:40,1
DA:41,1
DA:42,1
DA:47,1
DA:48,1
DA:52,1
LF:28
LH:28
BRF:0
BRH:0
end_of_record
TN:
SF:D:\Users\DOMINIC\Desktop\UPC VII\Diseño de Experimentos\express-backend\projection-backend\api\controllers\UserControllerStatic.js
FN:2,(anonymous_0)
FN:5,(anonymous_1)
FN:6,(anonymous_2)
FN:8,(anonymous_3)
FN:12,(anonymous_4)
FNF:5
FNH:5
FNDA:1,(anonymous_0)
FNDA:1,(anonymous_1)
FNDA:1,(anonymous_2)
FNDA:1,(anonymous_3)
FNDA:1,(anonymous_4)
DA:1,1
DA:3,1
DA:6,1
DA:9,1
DA:10,1
DA:13,1
DA:14,1
DA:18,1
LF:8
LH:8
BRF:0
BRH:0
end_of_record
TN:
SF:D:\Users\DOMINIC\Desktop\UPC VII\Diseño de Experimentos\express-backend\projection-backend\api\test\proyectionDbMock.js
FNF:0
FNH:0
DA:1,2
DA:49,2
DA:112,2
LF:3
LH:3
BRF:0
BRH:0
end_of_record
