<?xml version="1.0" encoding="UTF-8"?>
<coverage generated="1557959997216" clover="3.2.0">
  <project timestamp="1557959997216" name="All files">
    <metrics statements="39" coveredstatements="39" conditionals="0" coveredconditionals="0" methods="14" coveredmethods="14" elements="53" coveredelements="53" complexity="0" loc="39" ncloc="39" packages="2" files="3" classes="3"/>
    <package name="controller">
      <metrics statements="36" coveredstatements="36" conditionals="0" coveredconditionals="0" methods="14" coveredmethods="14"/>
      <file name="TaskControllerStatic.ts" path="/Users/enzoftware/Projects/express-backend/node-backend/src/controller/TaskControllerStatic.ts">
        <metrics statements="28" coveredstatements="28" conditionals="0" coveredconditionals="0" methods="9" coveredmethods="9"/>
        <line num="4" count="1" type="stmt"/>
        <line num="7" count="1" type="stmt"/>
        <line num="8" count="1" type="stmt"/>
        <line num="9" count="1" type="stmt"/>
        <line num="10" count="1" type="stmt"/>
        <line num="11" count="1" type="stmt"/>
        <line num="12" count="1" type="stmt"/>
        <line num="13" count="1" type="stmt"/>
        <line num="14" count="1" type="stmt"/>
        <line num="18" count="1" type="stmt"/>
        <line num="20" count="3" type="stmt"/>
        <line num="25" count="1" type="stmt"/>
        <line num="26" count="1" type="stmt"/>
        <line num="30" count="1" type="stmt"/>
        <line num="35" count="1" type="stmt"/>
        <line num="36" count="1" type="stmt"/>
        <line num="37" count="1" type="stmt"/>
        <line num="38" count="1" type="stmt"/>
        <line num="39" count="1" type="stmt"/>
        <line num="40" count="1" type="stmt"/>
        <line num="41" count="1" type="stmt"/>
        <line num="42" count="1" type="stmt"/>
        <line num="43" count="1" type="stmt"/>
        <line num="44" count="1" type="stmt"/>
        <line num="45" count="1" type="stmt"/>
        <line num="50" count="1" type="stmt"/>
        <line num="51" count="1" type="stmt"/>
        <line num="55" count="1" type="stmt"/>
      </file>
      <file name="UserControllerStatic.ts" path="/Users/enzoftware/Projects/express-backend/node-backend/src/controller/UserControllerStatic.ts">
        <metrics statements="8" coveredstatements="8" conditionals="0" coveredconditionals="0" methods="5" coveredmethods="5"/>
        <line num="3" count="1" type="stmt"/>
        <line num="5" count="1" type="stmt"/>
        <line num="8" count="1" type="stmt"/>
        <line num="11" count="1" type="stmt"/>
        <line num="12" count="1" type="stmt"/>
        <line num="15" count="1" type="stmt"/>
        <line num="16" count="1" type="stmt"/>
        <line num="20" count="1" type="stmt"/>
      </file>
    </package>
    <package name="test">
      <metrics statements="3" coveredstatements="3" conditionals="0" coveredconditionals="0" methods="0" coveredmethods="0"/>
      <file name="proyectionDbMock.js" path="/Users/enzoftware/Projects/express-backend/node-backend/src/test/proyectionDbMock.js">
        <metrics statements="3" coveredstatements="3" conditionals="0" coveredconditionals="0" methods="0" coveredmethods="0"/>
        <line num="1" count="2" type="stmt"/>
        <line num="49" count="2" type="stmt"/>
        <line num="112" count="2" type="stmt"/>
      </file>
    </package>
  </project>
</coverage>
