{"/home/daztery/Escritorio/Repositories/express-backend/node-backend/src/controller/TaskControllerStatic.ts": {"path":"/home/daztery/Escritorio/Repositories/express-backend/node-backend/src/controller/TaskControllerStatic.ts","statementMap":{"0":{"start":{"line":4,"column":13},"end":{"line":53,"column":null}},"1":{"start":{"line":7,"column":21},"end":{"line":7,"column":42}},"2":{"start":{"line":8,"column":19},"end":{"line":8,"column":30}},"3":{"start":{"line":9,"column":8},"end":{"line":9,"column":35}},"4":{"start":{"line":10,"column":8},"end":{"line":10,"column":55}},"5":{"start":{"line":11,"column":8},"end":{"line":11,"column":34}},"6":{"start":{"line":12,"column":8},"end":{"line":12,"column":22}},"7":{"start":{"line":13,"column":8},"end":{"line":13,"column":34}},"8":{"start":{"line":14,"column":8},"end":{"line":14,"column":31}},"9":{"start":{"line":18,"column":21},"end":{"line":18,"column":32}},"10":{"start":{"line":20,"column":8},"end":{"line":20,"column":61}},"11":{"start":{"line":20,"column":32},"end":{"line":20,"column":60}},"12":{"start":{"line":25,"column":21},"end":{"line":25,"column":38}},"13":{"start":{"line":26,"column":8},"end":{"line":26,"column":55}},"14":{"start":{"line":26,"column":31},"end":{"line":26,"column":54}},"15":{"start":{"line":30,"column":8},"end":{"line":30,"column":23}},"16":{"start":{"line":35,"column":19},"end":{"line":35,"column":69}},"17":{"start":{"line":35,"column":35},"end":{"line":35,"column":69}},"18":{"start":{"line":36,"column":8},"end":{"line":36,"column":49}},"19":{"start":{"line":37,"column":8},"end":{"line":37,"column":71}},"20":{"start":{"line":38,"column":8},"end":{"line":38,"column":43}},"21":{"start":{"line":39,"column":8},"end":{"line":39,"column":47}},"22":{"start":{"line":40,"column":8},"end":{"line":40,"column":53}},"23":{"start":{"line":41,"column":8},"end":{"line":41,"column":55}},"24":{"start":{"line":42,"column":8},"end":{"line":42,"column":53}},"25":{"start":{"line":43,"column":8},"end":{"line":43,"column":43}},"26":{"start":{"line":44,"column":8},"end":{"line":44,"column":36}},"27":{"start":{"line":45,"column":8},"end":{"line":45,"column":20}},"28":{"start":{"line":50,"column":8},"end":{"line":50,"column":35}},"29":{"start":{"line":51,"column":8},"end":{"line":51,"column":34}},"30":{"start":{"line":55,"column":0},"end":{"line":55,"column":null}}},"fnMap":{"0":{"name":"(anonymous_0)","decl":{"start":{"line":6,"column":10},"end":{"line":6,"column":11}},"loc":{"start":{"line":6,"column":72},"end":{"line":15,"column":5}}},"1":{"name":"(anonymous_1)","decl":{"start":{"line":17,"column":22},"end":{"line":17,"column":23}},"loc":{"start":{"line":17,"column":82},"end":{"line":22,"column":5}}},"2":{"name":"(anonymous_2)","decl":{"start":{"line":20,"column":25},"end":{"line":20,"column":30}},"loc":{"start":{"line":20,"column":30},"end":{"line":20,"column":37}}},"3":{"name":"(anonymous_3)","decl":{"start":{"line":24,"column":13},"end":{"line":24,"column":14}},"loc":{"start":{"line":24,"column":70},"end":{"line":27,"column":5}}},"4":{"name":"(anonymous_4)","decl":{"start":{"line":26,"column":23},"end":{"line":26,"column":27}},"loc":{"start":{"line":26,"column":27},"end":{"line":26,"column":35}}},"5":{"name":"(anonymous_5)","decl":{"start":{"line":29,"column":14},"end":{"line":29,"column":15}},"loc":{"start":{"line":29,"column":72},"end":{"line":31,"column":5}}},"6":{"name":"(anonymous_6)","decl":{"start":{"line":33,"column":16},"end":{"line":33,"column":17}},"loc":{"start":{"line":33,"column":73},"end":{"line":47,"column":5}}},"7":{"name":"(anonymous_7)","decl":{"start":{"line":35,"column":27},"end":{"line":35,"column":31}},"loc":{"start":{"line":35,"column":31},"end":{"line":35,"column":39}}},"8":{"name":"(anonymous_8)","decl":{"start":{"line":49,"column":16},"end":{"line":49,"column":17}},"loc":{"start":{"line":49,"column":105},"end":{"line":52,"column":5}}}},"branchMap":{},"s":{"0":1,"1":1,"2":1,"3":1,"4":1,"5":1,"6":1,"7":1,"8":1,"9":1,"10":1,"11":3,"12":1,"13":1,"14":1,"15":1,"16":1,"17":1,"18":1,"19":1,"20":1,"21":1,"22":1,"23":1,"24":1,"25":1,"26":1,"27":1,"28":1,"29":1,"30":1},"f":{"0":1,"1":1,"2":3,"3":1,"4":1,"5":1,"6":1,"7":1,"8":1},"b":{}}
,"/home/daztery/Escritorio/Repositories/express-backend/node-backend/src/controller/UserControllerStatic.ts": {"path":"/home/daztery/Escritorio/Repositories/express-backend/node-backend/src/controller/UserControllerStatic.ts","statementMap":{"0":{"start":{"line":3,"column":13},"end":{"line":18,"column":null}},"1":{"start":{"line":5,"column":8},"end":{"line":5,"column":23}},"2":{"start":{"line":8,"column":8},"end":{"line":8,"column":74}},"3":{"start":{"line":8,"column":34},"end":{"line":8,"column":73}},"4":{"start":{"line":11,"column":8},"end":{"line":11,"column":34}},"5":{"start":{"line":12,"column":8},"end":{"line":12,"column":28}},"6":{"start":{"line":15,"column":8},"end":{"line":15,"column":35}},"7":{"start":{"line":16,"column":8},"end":{"line":16,"column":34}},"8":{"start":{"line":20,"column":0},"end":{"line":20,"column":null}}},"fnMap":{"0":{"name":"(anonymous_0)","decl":{"start":{"line":4,"column":9},"end":{"line":4,"column":10}},"loc":{"start":{"line":4,"column":66},"end":{"line":6,"column":5}}},"1":{"name":"(anonymous_1)","decl":{"start":{"line":7,"column":9},"end":{"line":7,"column":10}},"loc":{"start":{"line":7,"column":86},"end":{"line":9,"column":5}}},"2":{"name":"(anonymous_2)","decl":{"start":{"line":8,"column":23},"end":{"line":8,"column":30}},"loc":{"start":{"line":8,"column":30},"end":{"line":8,"column":41}}},"3":{"name":"(anonymous_3)","decl":{"start":{"line":10,"column":10},"end":{"line":10,"column":11}},"loc":{"start":{"line":10,"column":67},"end":{"line":13,"column":5}}},"4":{"name":"(anonymous_4)","decl":{"start":{"line":14,"column":12},"end":{"line":14,"column":13}},"loc":{"start":{"line":14,"column":103},"end":{"line":17,"column":5}}}},"branchMap":{},"s":{"0":1,"1":1,"2":1,"3":1,"4":1,"5":1,"6":1,"7":1,"8":1},"f":{"0":1,"1":1,"2":1,"3":1,"4":1},"b":{}}
,"/home/daztery/Escritorio/Repositories/express-backend/node-backend/src/test/proyectionDbMock.js": {"path":"/home/daztery/Escritorio/Repositories/express-backend/node-backend/src/test/proyectionDbMock.js","statementMap":{"0":{"start":{"line":1,"column":19},"end":{"line":47,"column":1}},"1":{"start":{"line":49,"column":19},"end":{"line":110,"column":1}},"2":{"start":{"line":112,"column":0},"end":{"line":115,"column":1}}},"fnMap":{},"branchMap":{},"s":{"0":2,"1":2,"2":2},"f":{},"b":{},"_coverageSchema":"43e27e138ebf9cfc5966b082cf9a028302ed4184","hash":"11295289430c577c18cf58db0f377ee190a53938"}
}
