TN:
SF:/Users/enzoftware/Projects/express-backend/node-backend/src/controller/TaskControllerStatic.ts
FN:6,(anonymous_0)
FN:17,(anonymous_1)
FN:20,(anonymous_2)
FN:24,(anonymous_3)
FN:26,(anonymous_4)
FN:29,(anonymous_5)
FN:33,(anonymous_6)
FN:35,(anonymous_7)
FN:49,(anonymous_8)
FNF:9
FNH:9
FNDA:1,(anonymous_0)
FNDA:1,(anonymous_1)
FNDA:3,(anonymous_2)
FNDA:1,(anonymous_3)
FNDA:1,(anonymous_4)
FNDA:1,(anonymous_5)
FNDA:1,(anonymous_6)
FNDA:1,(anonymous_7)
FNDA:1,(anonymous_8)
DA:4,1
DA:7,1
DA:8,1
DA:9,1
DA:10,1
DA:11,1
DA:12,1
DA:13,1
DA:14,1
DA:18,1
DA:20,3
DA:25,1
DA:26,1
DA:30,1
DA:35,1
DA:36,1
DA:37,1
DA:38,1
DA:39,1
DA:40,1
DA:41,1
DA:42,1
DA:43,1
DA:44,1
DA:45,1
DA:50,1
DA:51,1
DA:55,1
LF:28
LH:28
BRF:0
BRH:0
end_of_record
TN:
SF:/Users/enzoftware/Projects/express-backend/node-backend/src/controller/UserControllerStatic.ts
FN:4,(anonymous_0)
FN:7,(anonymous_1)
FN:8,(anonymous_2)
FN:10,(anonymous_3)
FN:14,(anonymous_4)
FNF:5
FNH:5
FNDA:1,(anonymous_0)
FNDA:1,(anonymous_1)
FNDA:1,(anonymous_2)
FNDA:1,(anonymous_3)
FNDA:1,(anonymous_4)
DA:3,1
DA:5,1
DA:8,1
DA:11,1
DA:12,1
DA:15,1
DA:16,1
DA:20,1
LF:8
LH:8
BRF:0
BRH:0
end_of_record
TN:
SF:/Users/enzoftware/Projects/express-backend/node-backend/src/test/proyectionDbMock.js
FNF:0
FNH:0
DA:1,2
DA:49,2
DA:112,2
LF:3
LH:3
BRF:0
BRH:0
end_of_record
